<?xml version="1.0" encoding="UTF-8"?>
<!-- Generated by org.testng.reporters.JUnitReportReporter -->
<testsuite hostname="Reddy" failures="0" tests="3" name="Baseclass.SamplestestngTest" time="0.005" errors="0" timestamp="2026-02-02T12:25:33 IST" skipped="0">
  <testcase classname="Baseclass.SamplestestngTest" name="tc3" time="0.000"/>
  <testcase classname="Baseclass.SamplestestngTest" name="tc2" time="0.000"/>
  <testcase classname="Baseclass.SamplestestngTest" name="tc1" time="0.005"/>
</testsuite> <!-- Baseclass.SamplestestngTest -->
