<?xml version="1.0" encoding="UTF-8"?>
<!-- Generated by org.testng.reporters.JUnitXMLReporter -->
<testsuite ignored="0" hostname="Reddy" failures="0" tests="3" name="Default test" time="0.047" errors="0" timestamp="2026-02-02T11:05:08 IST">
  <testcase classname="Baseclass.Sampletestng" name="tc1" time="0.006"/>
  <testcase classname="Baseclass.Sampletestng" name="tc2" time="0.001"/>
  <testcase classname="Baseclass.Sampletestng" name="tc3" time="0.001"/>
</testsuite> <!-- Default test -->
