<?xml version="1.0" encoding="UTF-8"?>
<testng-results ignored="0" total="3" passed="3" failed="0" skipped="0">
  <reporter-output>
  </reporter-output>
  <suite started-at="2026-02-02T11:05:08 IST" name="Default suite" finished-at="2026-02-02T11:05:08 IST" duration-ms="47">
    <groups>
    </groups>
    <test started-at="2026-02-02T11:05:08 IST" name="Default test" finished-at="2026-02-02T11:05:08 IST" duration-ms="47">
      <class name="Baseclass.Sampletestng">
        <test-method signature="tc1()[pri:0, instance:Baseclass.Sampletestng@689604d9]" started-at="2026-02-02T11:05:08 IST" name="tc1" finished-at="2026-02-02T11:05:08 IST" duration-ms="6" status="PASS">
          <reporter-output>
          </reporter-output>
        </test-method> <!-- tc1 -->
        <test-method signature="tc2()[pri:0, instance:Baseclass.Sampletestng@689604d9]" started-at="2026-02-02T11:05:08 IST" name="tc2" finished-at="2026-02-02T11:05:08 IST" duration-ms="1" status="PASS">
          <reporter-output>
          </reporter-output>
        </test-method> <!-- tc2 -->
        <test-method signature="tc3()[pri:0, instance:Baseclass.Sampletestng@689604d9]" started-at="2026-02-02T11:05:08 IST" name="tc3" finished-at="2026-02-02T11:05:08 IST" duration-ms="1" status="PASS">
          <reporter-output>
          </reporter-output>
        </test-method> <!-- tc3 -->
      </class> <!-- Baseclass.Sampletestng -->
    </test> <!-- Default test -->
  </suite> <!-- Default suite -->
</testng-results>
