<?xml version="1.0" encoding="UTF-8"?>
<!-- Generated by org.testng.reporters.JUnitXMLReporter -->
<testsuite ignored="0" hostname="Reddy" failures="0" tests="3" name="Surefire test" time="0.039" errors="0" timestamp="2026-02-02T12:25:33 IST">
  <testcase classname="Baseclass.SamplestestngTest" name="tc1" time="0.005"/>
  <testcase classname="Baseclass.SamplestestngTest" name="tc2" time="0.0"/>
  <testcase classname="Baseclass.SamplestestngTest" name="tc3" time="0.0"/>
</testsuite> <!-- Surefire test -->
